<?xml version="1.0" encoding="UTF-8"?>
<!-- Generated by org.testng.reporters.JUnitReportReporter -->
<testsuite skipped="0" hostname="DESKTOP-SRN6HAV" name="calcultor_operation.Calculator" tests="5" failures="0" timestamp="2022-04-26T23:18:35 IST" time="48.595" errors="0">
  <testcase name="OpenCrome" time="14.417" classname="calcultor_operation.Calculator"/>
  <system-out/>
  <testcase name="Addition" time="16.413" classname="calcultor_operation.Calculator"/>
  <system-out/>
  <testcase name="Multiplication" time="6.359" classname="calcultor_operation.Calculator"/>
  <system-out/>
  <testcase name="Division" time="3.844" classname="calcultor_operation.Calculator"/>
  <system-out/>
  <testcase name="subtraction" time="7.562" classname="calcultor_operation.Calculator"/>
  <system-out/>
</testsuite> <!-- calcultor_operation.Calculator -->
